<?xml version="1.0" encoding="UTF-8"?>
<!-- Generated by org.testng.reporters.JUnitXMLReporter -->
<testsuite ignored="0" hostname="DESKTOP-JHCPOK9" failures="0" tests="5" name="Default test" time="3.007" errors="0" timestamp="2021-04-03T19:47:09 IST">
  <testcase classname="datadriventest.PostCreateNewUserWithCsv" name="createNewUsers" time="2.077"/>
  <testcase classname="datadriventest.PostCreateNewUserWithCsv" name="createNewUsers" time="0.057"/>
  <testcase classname="datadriventest.PostCreateNewUserWithCsv" name="createNewUsers" time="0.03"/>
  <testcase classname="datadriventest.PostCreateNewUserWithCsv" name="createNewUsers" time="0.041"/>
  <testcase classname="datadriventest.PostCreateNewUserWithCsv" name="createNewUsers" time="0.03"/>
</testsuite> <!-- Default test -->
