<?xml version="1.0" encoding="UTF-8"?>
<testng-results ignored="0" total="5" passed="5" failed="0" skipped="0">
  <reporter-output>
  </reporter-output>
  <suite started-at="2021-04-03T19:47:06 IST" name="Default suite" finished-at="2021-04-03T19:47:09 IST" duration-ms="3007">
    <groups>
    </groups>
    <test started-at="2021-04-03T19:47:06 IST" name="Default test" finished-at="2021-04-03T19:47:09 IST" duration-ms="3007">
      <class name="datadriventest.PostCreateNewUserWithCsv">
        <test-method signature="createNewUsers(java.lang.String,java.lang.String,java.lang.String,java.lang.String)[pri:0, instance:datadriventest.PostCreateNewUserWithCsv@2f217633]" started-at="2021-04-03T19:47:07 IST" name="createNewUsers" data-provider="empData" finished-at="2021-04-03T19:47:09 IST" duration-ms="2077" status="PASS">
          <params>
            <param index="0">
              <value>
                <![CDATA[Mark]]>
              </value>
            </param>
            <param index="1">
              <value>
                <![CDATA[10000.0]]>
              </value>
            </param>
            <param index="2">
              <value>
                <![CDATA[50.0]]>
              </value>
            </param>
            <param index="3">
              <value>
                <![CDATA[https://abc123.com]]>
              </value>
            </param>
          </params>
          <reporter-output>
          </reporter-output>
        </test-method> <!-- createNewUsers -->
        <test-method signature="createNewUsers(java.lang.String,java.lang.String,java.lang.String,java.lang.String)[pri:0, instance:datadriventest.PostCreateNewUserWithCsv@2f217633]" started-at="2021-04-03T19:47:09 IST" name="createNewUsers" data-provider="empData" finished-at="2021-04-03T19:47:09 IST" duration-ms="57" status="PASS">
          <params>
            <param index="0">
              <value>
                <![CDATA[Steve]]>
              </value>
            </param>
            <param index="1">
              <value>
                <![CDATA[5000.0]]>
              </value>
            </param>
            <param index="2">
              <value>
                <![CDATA[30.0]]>
              </value>
            </param>
            <param index="3">
              <value>
                <![CDATA[]]>
              </value>
            </param>
          </params>
          <reporter-output>
          </reporter-output>
        </test-method> <!-- createNewUsers -->
        <test-method signature="createNewUsers(java.lang.String,java.lang.String,java.lang.String,java.lang.String)[pri:0, instance:datadriventest.PostCreateNewUserWithCsv@2f217633]" started-at="2021-04-03T19:47:09 IST" name="createNewUsers" data-provider="empData" finished-at="2021-04-03T19:47:09 IST" duration-ms="30" status="PASS">
          <params>
            <param index="0">
              <value>
                <![CDATA[Maggie]]>
              </value>
            </param>
            <param index="1">
              <value>
                <![CDATA[30000.0]]>
              </value>
            </param>
            <param index="2">
              <value>
                <![CDATA[33.0]]>
              </value>
            </param>
            <param index="3">
              <value>
                <![CDATA[https://img123.com]]>
              </value>
            </param>
          </params>
          <reporter-output>
          </reporter-output>
        </test-method> <!-- createNewUsers -->
        <test-method signature="createNewUsers(java.lang.String,java.lang.String,java.lang.String,java.lang.String)[pri:0, instance:datadriventest.PostCreateNewUserWithCsv@2f217633]" started-at="2021-04-03T19:47:09 IST" name="createNewUsers" data-provider="empData" finished-at="2021-04-03T19:47:09 IST" duration-ms="41" status="PASS">
          <params>
            <param index="0">
              <value>
                <![CDATA[Jasmine]]>
              </value>
            </param>
            <param index="1">
              <value>
                <![CDATA[9000.0]]>
              </value>
            </param>
            <param index="2">
              <value>
                <![CDATA[24.0]]>
              </value>
            </param>
            <param index="3">
              <value>
                <![CDATA[]]>
              </value>
            </param>
          </params>
          <reporter-output>
          </reporter-output>
        </test-method> <!-- createNewUsers -->
        <test-method signature="createNewUsers(java.lang.String,java.lang.String,java.lang.String,java.lang.String)[pri:0, instance:datadriventest.PostCreateNewUserWithCsv@2f217633]" started-at="2021-04-03T19:47:09 IST" name="createNewUsers" data-provider="empData" finished-at="2021-04-03T19:47:09 IST" duration-ms="30" status="PASS">
          <params>
            <param index="0">
              <value>
                <![CDATA[Kira]]>
              </value>
            </param>
            <param index="1">
              <value>
                <![CDATA[400000.0]]>
              </value>
            </param>
            <param index="2">
              <value>
                <![CDATA[34.0]]>
              </value>
            </param>
            <param index="3">
              <value>
                <![CDATA[https://img456.com]]>
              </value>
            </param>
          </params>
          <reporter-output>
          </reporter-output>
        </test-method> <!-- createNewUsers -->
      </class> <!-- datadriventest.PostCreateNewUserWithCsv -->
    </test> <!-- Default test -->
  </suite> <!-- Default suite -->
</testng-results>
